<?xml version="1.0" encoding="UTF-8"?>
<!-- Generated by org.testng.reporters.JUnitReportReporter -->
<testsuite hostname="LAPTOP-S0EDEAL3" failures="0" tests="1" name="YashadaParabAutomation.standalone.StandaloneTest" time="12.115" errors="0" timestamp="2024-12-28T09:07:13 IST" skipped="0">
  <testcase classname="YashadaParabAutomation.standalone.StandaloneTest" name="submitOrder" time="12.115"/>
</testsuite> <!-- YashadaParabAutomation.standalone.StandaloneTest -->
