<?xml version="1.0" encoding="UTF-8"?>
<!-- Generated by org.testng.reporters.JUnitReportReporter -->
<testsuite hostname="LAPTOP-S0EDEAL3" failures="0" tests="1" name="Cucumber.TestNGRunner" time="4.491" errors="0" timestamp="2025-01-01T17:16:11 IST" skipped="0">
  <testcase classname="Cucumber.TestNGRunner" name="runScenario" time="4.491"/>
</testsuite> <!-- Cucumber.TestNGRunner -->
