<?xml version="1.0" encoding="UTF-8"?>
<!-- Generated by org.testng.reporters.JUnitReportReporter -->
<testsuite hostname="LAPTOP-S0EDEAL3" failures="0" tests="1" name="YashadaParabAutomation.standalone.StandaloneTest" time="11.026" errors="0" timestamp="2025-01-01T18:13:29 IST" skipped="0">
  <testcase classname="YashadaParabAutomation.standalone.StandaloneTest" name="submitOrder" time="11.026"/>
</testsuite> <!-- YashadaParabAutomation.standalone.StandaloneTest -->
